#! /c/Source/iverilog-install/bin/vvp
:ivl_version "12.0 (devel)" "(s20150603-1539-g2693dd32b)";
:ivl_delay_selection "TYPICAL";
:vpi_time_precision + 0;
:vpi_module "E:\tool_IC_design\iverilog\lib\ivl\system.vpi";
:vpi_module "E:\tool_IC_design\iverilog\lib\ivl\vhdl_sys.vpi";
:vpi_module "E:\tool_IC_design\iverilog\lib\ivl\vhdl_textio.vpi";
:vpi_module "E:\tool_IC_design\iverilog\lib\ivl\v2005_math.vpi";
:vpi_module "E:\tool_IC_design\iverilog\lib\ivl\va_math.vpi";
S_0000022219c46370 .scope module, "led_gpio" "led_gpio" 2 3;
 .timescale 0 0;
    .port_info 0 /INPUT 32 "addr";
    .port_info 1 /INPUT 1 "rst";
    .port_info 2 /INPUT 1 "clk";
    .port_info 3 /INPUT 32 "data_in";
    .port_info 4 /INPUT 1 "rd_strobe";
    .port_info 5 /INPUT 4 "wr_strobe";
    .port_info 6 /OUTPUT 32 "data_out";
    .port_info 7 /OUTPUT 8 "leds";
o0000022219af6fd8 .functor BUFZ 32, C4<zzzzzzzzzzzzzzzzzzzzzzzzzzzzzzzz>; HiZ drive
v0000022219c46500_0 .net "addr", 31 0, o0000022219af6fd8;  0 drivers
o0000022219af7008 .functor BUFZ 1, C4<z>; HiZ drive
v0000022219c465a0_0 .net "clk", 0 0, o0000022219af7008;  0 drivers
o0000022219af7038 .functor BUFZ 32, C4<zzzzzzzzzzzzzzzzzzzzzzzzzzzzzzzz>; HiZ drive
v0000022219c46640_0 .net "data_in", 31 0, o0000022219af7038;  0 drivers
v0000022219c466e0_0 .var "data_out", 31 0;
v0000022219c4b9c0_0 .var "led_data_reg", 31 0;
v0000022219c4ba60_0 .net "leds", 7 0, L_0000022219af25a0;  1 drivers
o0000022219af70f8 .functor BUFZ 1, C4<z>; HiZ drive
v0000022219c4bb00_0 .net "rd_strobe", 0 0, o0000022219af70f8;  0 drivers
o0000022219af7128 .functor BUFZ 1, C4<z>; HiZ drive
v0000022219c4bba0_0 .net "rst", 0 0, o0000022219af7128;  0 drivers
o0000022219af7158 .functor BUFZ 4, C4<zzzz>; HiZ drive
v0000022219c4bc40_0 .net "wr_strobe", 3 0, o0000022219af7158;  0 drivers
E_0000022219c4c410 .event posedge, v0000022219c465a0_0;
L_0000022219af25a0 .part v0000022219c4b9c0_0, 0, 8;
    .scope S_0000022219c46370;
T_0 ;
    %wait E_0000022219c4c410;
    %load/vec4 v0000022219c4bba0_0;
    %flag_set/vec4 8;
    %jmp/0xz  T_0.0, 8;
    %pushi/vec4 0, 0, 32;
    %assign/vec4 v0000022219c4b9c0_0, 0;
    %jmp T_0.1;
T_0.0 ;
    %load/vec4 v0000022219c4bb00_0;
    %flag_set/vec4 8;
    %jmp/0xz  T_0.2, 8;
    %load/vec4 v0000022219c4b9c0_0;
    %assign/vec4 v0000022219c466e0_0, 0;
    %jmp T_0.3;
T_0.2 ;
    %load/vec4 v0000022219c4bc40_0;
    %or/r;
    %flag_set/vec4 8;
    %jmp/0xz  T_0.4, 8;
    %load/vec4 v0000022219c46640_0;
    %assign/vec4 v0000022219c4b9c0_0, 0;
T_0.4 ;
T_0.3 ;
T_0.1 ;
    %jmp T_0;
    .thread T_0;
# The file index is used to find the file name in the following table.
:file_names 3;
    "N/A";
    "<interactive>";
    "e:\book_chip\course_ud\RISC_V\practice_code\uart_tx_rx_3mode_led_breadboard\src\led_gpio.v";
